<?xml version="1.0" encoding="UTF-8"?>
<!-- Generated by org.testng.reporters.JUnitReportReporter -->
<testsuite hostname="DESKTOP-CLD8OLA" failures="0" tests="1" name="testCases.TC001_AccountRegistrationTest" time="3.621" errors="0" timestamp="2025-06-01T12:19:07 IST" skipped="0">
  <testcase classname="testCases.TC001_AccountRegistrationTest" name="verifyAccountRegistration" time="3.621"/>
</testsuite> <!-- testCases.TC001_AccountRegistrationTest -->
