<?xml version="1.0" encoding="UTF-8"?>
<!-- Generated by org.testng.reporters.JUnitReportReporter -->
<testsuite hostname="DESKTOP-CLD8OLA" failures="0" tests="6" name="testCases.TC003_DataDrivenLoginTest" time="47.888" errors="0" timestamp="2025-06-01T12:19:07 IST" skipped="0">
  <testcase classname="testCases.TC003_DataDrivenLoginTest" name="verify_DDTLogin" time="11.133"/>
  <testcase classname="testCases.TC003_DataDrivenLoginTest" name="verify_DDTLogin" time="10.746"/>
  <testcase classname="testCases.TC003_DataDrivenLoginTest" name="verify_DDTLogin" time="11.137"/>
  <testcase classname="testCases.TC003_DataDrivenLoginTest" name="verify_DDTLogin" time="10.807"/>
  <testcase classname="testCases.TC003_DataDrivenLoginTest" name="verify_DDTLogin" time="1.854"/>
  <testcase classname="testCases.TC003_DataDrivenLoginTest" name="verify_DDTLogin" time="2.211"/>
</testsuite> <!-- testCases.TC003_DataDrivenLoginTest -->
