<?xml version="1.0" encoding="UTF-8"?>
<!-- Generated by org.testng.reporters.JUnitReportReporter -->
<testsuite hostname="DESKTOP-CLD8OLA" failures="0" tests="6" name="testCases.TC003_DataDrivenLoginTest" time="53.386" errors="0" timestamp="2025-06-01T18:20:56 IST" skipped="0">
  <testcase classname="testCases.TC003_DataDrivenLoginTest" name="verify_DDTLogin" time="13.413"/>
  <testcase classname="testCases.TC003_DataDrivenLoginTest" name="verify_DDTLogin" time="11.647"/>
  <testcase classname="testCases.TC003_DataDrivenLoginTest" name="verify_DDTLogin" time="2.321"/>
  <testcase classname="testCases.TC003_DataDrivenLoginTest" name="verify_DDTLogin" time="11.539"/>
  <testcase classname="testCases.TC003_DataDrivenLoginTest" name="verify_DDTLogin" time="2.881"/>
  <testcase classname="testCases.TC003_DataDrivenLoginTest" name="verify_DDTLogin" time="11.585"/>
</testsuite> <!-- testCases.TC003_DataDrivenLoginTest -->
