<?xml version="1.0" encoding="UTF-8"?>
<!-- Generated by org.testng.reporters.JUnitReportReporter -->
<testsuite hostname="DESKTOP-CLD8OLA" failures="0" tests="1" name="testCases.TC002_AccountLoginTest" time="1.713" errors="0" timestamp="2025-06-01T18:20:56 IST" skipped="0">
  <testcase classname="testCases.TC002_AccountLoginTest" name="verifyUserLogin" time="1.713"/>
</testsuite> <!-- testCases.TC002_AccountLoginTest -->
